<?xml version="1.0" encoding="UTF-8" ?>
<testsuite tests="15" failures="0" name="com.richard.datastructureutils.ListUtilsTest" time="0.013" errors="0" skipped="2">
  <properties>
[...]
</properties>
  <testcase classname="com.richard.datastructureutils.ListUtilsTest" name="testListDiffPerf100Items" time="0">
    <skipped/>
  </testcase>
  <testcase classname="com.richard.datastructureutils.ListUtilsTest" name="testListOfTripleIdentical" time="0.003"/>
  <testcase classname="com.richard.datastructureutils.ListUtilsTest" name="testListDiffRemoveNull" time="0"/>
  <testcase classname="com.richard.datastructureutils.ListUtilsTest" name="testListOfTripleDiff" time="0.007"/>
  <testcase classname="com.richard.datastructureutils.ListUtilsTest" name="testListDiffSummarySizeSameItemDiff" time="0"/>
  <testcase classname="com.richard.datastructureutils.ListUtilsTest" name="testListDiffSummaryNoDiff" time="0.001"/>
  <testcase classname="com.richard.datastructureutils.ListUtilsTest" name="testListDiffSummarySizeDiffItemDiff" time="0"/>
  <testcase classname="com.richard.datastructureutils.ListUtilsTest" name="testListDiffPerf10000Items" time="0">
    <skipped/>
  </testcase>
  <testcase classname="com.richard.datastructureutils.ListUtilsTest" name="testListDiffCollectionNull" time="0"/>
  <testcase classname="com.richard.datastructureutils.ListUtilsTest" name="testListDiffSummarySizeSameItemDiffMoreItems" time="0"/>
  <testcase classname="com.richard.datastructureutils.ListUtilsTest" name="testListDiffTwoItemsExtra" time="0"/>
  <testcase classname="com.richard.datastructureutils.ListUtilsTest" name="testListOfTupleIdentical" time="0"/>
  <testcase classname="com.richard.datastructureutils.ListUtilsTest" name="testListDiffIdenticalList" time="0.001"/>
  <testcase classname="com.richard.datastructureutils.ListUtilsTest" name="testListDiffBothNull" time="0"/>
  <testcase classname="com.richard.datastructureutils.ListUtilsTest" name="testListOfTupleDiff" time="0.001"/>
</testsuite>